{"total": {"lines":{"total":231,"covered":122,"skipped":0,"pct":52.81},"statements":{"total":253,"covered":138,"skipped":0,"pct":54.54},"functions":{"total":29,"covered":10,"skipped":0,"pct":34.48},"branches":{"total":47,"covered":1,"skipped":0,"pct":2.12},"branchesTrue":{"total":0,"covered":0,"skipped":0,"pct":100}}
,"C:\\Users\\user\\Desktop\\Andela\\MY-BRAND BACKEND\\src\\app.ts": {"lines":{"total":22,"covered":20,"skipped":0,"pct":90.9},"functions":{"total":1,"covered":0,"skipped":0,"pct":0},"statements":{"total":22,"covered":20,"skipped":0,"pct":90.9},"branches":{"total":0,"covered":0,"skipped":0,"pct":100}}
,"C:\\Users\\user\\Desktop\\Andela\\MY-BRAND BACKEND\\src\\controllers\\blogController.ts": {"lines":{"total":51,"covered":24,"skipped":0,"pct":47.05},"functions":{"total":10,"covered":6,"skipped":0,"pct":60},"statements":{"total":61,"covered":32,"skipped":0,"pct":52.45},"branches":{"total":8,"covered":1,"skipped":0,"pct":12.5}}
,"C:\\Users\\user\\Desktop\\Andela\\MY-BRAND BACKEND\\src\\controllers\\contactController.ts": {"lines":{"total":26,"covered":15,"skipped":0,"pct":57.69},"functions":{"total":8,"covered":4,"skipped":0,"pct":50},"statements":{"total":34,"covered":21,"skipped":0,"pct":61.76},"branches":{"total":4,"covered":0,"skipped":0,"pct":0}}
,"C:\\Users\\user\\Desktop\\Andela\\MY-BRAND BACKEND\\src\\controllers\\likesController.ts": {"lines":{"total":19,"covered":2,"skipped":0,"pct":10.52},"functions":{"total":2,"covered":0,"skipped":0,"pct":0},"statements":{"total":19,"covered":2,"skipped":0,"pct":10.52},"branches":{"total":3,"covered":0,"skipped":0,"pct":0}}
,"C:\\Users\\user\\Desktop\\Andela\\MY-BRAND BACKEND\\src\\controllers\\userController.ts": {"lines":{"total":36,"covered":6,"skipped":0,"pct":16.66},"functions":{"total":5,"covered":0,"skipped":0,"pct":0},"statements":{"total":40,"covered":8,"skipped":0,"pct":20},"branches":{"total":10,"covered":0,"skipped":0,"pct":0}}
,"C:\\Users\\user\\Desktop\\Andela\\MY-BRAND BACKEND\\src\\middlewares\\hasAccount.ts": {"lines":{"total":24,"covered":6,"skipped":0,"pct":25},"functions":{"total":2,"covered":0,"skipped":0,"pct":0},"statements":{"total":24,"covered":6,"skipped":0,"pct":25},"branches":{"total":13,"covered":0,"skipped":0,"pct":0}}
,"C:\\Users\\user\\Desktop\\Andela\\MY-BRAND BACKEND\\src\\models\\Blog.ts": {"lines":{"total":5,"covered":5,"skipped":0,"pct":100},"functions":{"total":0,"covered":0,"skipped":0,"pct":100},"statements":{"total":5,"covered":5,"skipped":0,"pct":100},"branches":{"total":0,"covered":0,"skipped":0,"pct":100}}
,"C:\\Users\\user\\Desktop\\Andela\\MY-BRAND BACKEND\\src\\models\\contactModel.ts": {"lines":{"total":4,"covered":4,"skipped":0,"pct":100},"functions":{"total":0,"covered":0,"skipped":0,"pct":100},"statements":{"total":4,"covered":4,"skipped":0,"pct":100},"branches":{"total":0,"covered":0,"skipped":0,"pct":100}}
,"C:\\Users\\user\\Desktop\\Andela\\MY-BRAND BACKEND\\src\\models\\userModel.ts": {"lines":{"total":4,"covered":4,"skipped":0,"pct":100},"functions":{"total":0,"covered":0,"skipped":0,"pct":100},"statements":{"total":4,"covered":4,"skipped":0,"pct":100},"branches":{"total":0,"covered":0,"skipped":0,"pct":100}}
,"C:\\Users\\user\\Desktop\\Andela\\MY-BRAND BACKEND\\src\\more\\multer.ts": {"lines":{"total":9,"covered":5,"skipped":0,"pct":55.55},"functions":{"total":1,"covered":0,"skipped":0,"pct":0},"statements":{"total":9,"covered":5,"skipped":0,"pct":55.55},"branches":{"total":9,"covered":0,"skipped":0,"pct":0}}
,"C:\\Users\\user\\Desktop\\Andela\\MY-BRAND BACKEND\\src\\routes\\blogRoutes.ts": {"lines":{"total":10,"covered":10,"skipped":0,"pct":100},"functions":{"total":0,"covered":0,"skipped":0,"pct":100},"statements":{"total":10,"covered":10,"skipped":0,"pct":100},"branches":{"total":0,"covered":0,"skipped":0,"pct":100}}
,"C:\\Users\\user\\Desktop\\Andela\\MY-BRAND BACKEND\\src\\routes\\contactRoutes.ts": {"lines":{"total":8,"covered":8,"skipped":0,"pct":100},"functions":{"total":0,"covered":0,"skipped":0,"pct":100},"statements":{"total":8,"covered":8,"skipped":0,"pct":100},"branches":{"total":0,"covered":0,"skipped":0,"pct":100}}
,"C:\\Users\\user\\Desktop\\Andela\\MY-BRAND BACKEND\\src\\routes\\likesRoutes.ts": {"lines":{"total":7,"covered":7,"skipped":0,"pct":100},"functions":{"total":0,"covered":0,"skipped":0,"pct":100},"statements":{"total":7,"covered":7,"skipped":0,"pct":100},"branches":{"total":0,"covered":0,"skipped":0,"pct":100}}
,"C:\\Users\\user\\Desktop\\Andela\\MY-BRAND BACKEND\\src\\routes\\userRoutes.ts": {"lines":{"total":6,"covered":6,"skipped":0,"pct":100},"functions":{"total":0,"covered":0,"skipped":0,"pct":100},"statements":{"total":6,"covered":6,"skipped":0,"pct":100},"branches":{"total":0,"covered":0,"skipped":0,"pct":100}}
}
