TN:
SF:app.ts
FN:46,(anonymous_1)
FNF:1
FNH:0
FNDA:0,(anonymous_1)
DA:1,3
DA:3,3
DA:5,3
DA:6,3
DA:7,3
DA:8,3
DA:9,3
DA:10,3
DA:11,3
DA:14,3
DA:25,3
DA:27,3
DA:40,3
DA:41,3
DA:42,3
DA:43,3
DA:44,3
DA:45,3
DA:46,3
DA:47,0
DA:48,0
DA:51,3
LF:22
LH:20
BRF:0
BRH:0
end_of_record
TN:
SF:controllers\blogController.ts
FN:16,(anonymous_8)
FN:16,(anonymous_9)
FN:48,(anonymous_10)
FN:48,(anonymous_11)
FN:57,(anonymous_12)
FN:57,(anonymous_13)
FN:71,(anonymous_14)
FN:71,(anonymous_15)
FN:87,(anonymous_16)
FN:87,(anonymous_17)
FNF:10
FNH:6
FNDA:2,(anonymous_8)
FNDA:2,(anonymous_9)
FNDA:1,(anonymous_10)
FNDA:1,(anonymous_11)
FNDA:3,(anonymous_12)
FNDA:3,(anonymous_13)
FNDA:0,(anonymous_14)
FNDA:0,(anonymous_15)
FNDA:0,(anonymous_16)
FNDA:0,(anonymous_17)
DA:3,3
DA:4,3
DA:5,3
DA:6,3
DA:8,3
DA:16,3
DA:17,2
DA:18,2
DA:19,0
DA:21,0
DA:22,0
DA:26,0
DA:27,0
DA:30,0
DA:31,0
DA:37,0
DA:39,0
DA:41,2
DA:42,2
DA:48,3
DA:49,1
DA:50,1
DA:51,1
DA:53,0
DA:57,3
DA:58,3
DA:59,3
DA:60,3
DA:61,2
DA:62,2
DA:63,2
DA:65,0
DA:67,1
DA:71,3
DA:72,0
DA:75,0
DA:76,0
DA:77,0
DA:78,0
DA:79,0
DA:81,0
DA:83,0
DA:87,3
DA:88,0
DA:89,0
DA:90,0
DA:91,0
DA:92,0
DA:93,0
DA:95,0
DA:97,0
LF:51
LH:24
BRDA:21,0,0,0
BRDA:21,1,0,0
BRDA:21,1,1,0
BRDA:21,1,2,0
BRDA:26,2,0,0
BRDA:61,3,0,2
BRDA:77,4,0,0
BRDA:91,5,0,0
BRF:8
BRH:1
end_of_record
TN:
SF:controllers\contactController.ts
FN:4,(anonymous_8)
FN:4,(anonymous_9)
FN:15,(anonymous_10)
FN:15,(anonymous_11)
FN:27,(anonymous_12)
FN:27,(anonymous_13)
FN:43,(anonymous_14)
FN:43,(anonymous_15)
FNF:8
FNH:4
FNDA:2,(anonymous_8)
FNDA:2,(anonymous_9)
FNDA:1,(anonymous_10)
FNDA:1,(anonymous_11)
FNDA:0,(anonymous_12)
FNDA:0,(anonymous_13)
FNDA:0,(anonymous_14)
FNDA:0,(anonymous_15)
DA:2,3
DA:4,3
DA:5,2
DA:6,2
DA:7,2
DA:8,2
DA:9,1
DA:11,1
DA:12,1
DA:15,3
DA:16,1
DA:17,1
DA:19,1
DA:23,0
DA:27,3
DA:28,0
DA:30,0
DA:31,0
DA:32,0
DA:36,0
DA:37,0
DA:43,3
DA:44,0
DA:45,0
DA:46,0
DA:48,0
LF:26
LH:15
BRDA:31,0,0,0
BRDA:31,0,1,0
BRDA:45,1,0,0
BRDA:45,1,1,0
BRF:4
BRH:0
end_of_record
TN:
SF:controllers\likesController.ts
FN:14,(anonymous_8)
FN:37,(anonymous_10)
FNF:2
FNH:0
FNDA:0,(anonymous_8)
FNDA:0,(anonymous_10)
DA:2,3
DA:13,3
DA:15,0
DA:17,0
DA:18,0
DA:19,0
DA:22,0
DA:23,0
DA:25,0
DA:30,0
DA:31,0
DA:33,0
DA:38,0
DA:40,0
DA:42,0
DA:43,0
DA:53,0
DA:55,0
DA:57,0
LF:19
LH:2
BRDA:18,0,0,0
BRDA:22,1,0,0
BRDA:42,2,0,0
BRF:3
BRH:0
end_of_record
TN:
SF:controllers\userController.ts
FN:7,(anonymous_8)
FN:12,(anonymous_9)
FN:12,(anonymous_10)
FN:58,(anonymous_11)
FN:58,(anonymous_12)
FNF:5
FNH:0
FNDA:0,(anonymous_8)
FNDA:0,(anonymous_9)
FNDA:0,(anonymous_10)
FNDA:0,(anonymous_11)
FNDA:0,(anonymous_12)
DA:2,3
DA:3,3
DA:4,3
DA:7,3
DA:8,0
DA:12,3
DA:13,0
DA:20,0
DA:21,0
DA:25,0
DA:26,0
DA:27,0
DA:30,0
DA:32,0
DA:33,0
DA:34,0
DA:37,0
DA:40,0
DA:48,0
DA:50,0
DA:52,0
DA:54,0
DA:58,3
DA:59,0
DA:62,0
DA:63,0
DA:66,0
DA:68,0
DA:69,0
DA:70,0
DA:72,0
DA:73,0
DA:74,0
DA:78,0
DA:80,0
DA:82,0
LF:36
LH:6
BRDA:8,0,0,0
BRDA:8,0,1,0
BRDA:20,1,0,0
BRDA:26,2,0,0
BRDA:33,3,0,0
BRDA:62,4,0,0
BRDA:62,5,0,0
BRDA:62,5,1,0
BRDA:69,6,0,0
BRDA:73,7,0,0
BRF:10
BRH:0
end_of_record
TN:
SF:middlewares\hasAccount.ts
FN:15,(anonymous_8)
FN:19,(anonymous_9)
FNF:2
FNH:0
FNDA:0,(anonymous_8)
FNDA:0,(anonymous_9)
DA:2,3
DA:3,3
DA:5,3
DA:6,3
DA:15,3
DA:19,0
DA:20,0
DA:21,0
DA:23,0
DA:24,0
DA:27,0
DA:29,0
DA:30,0
DA:33,0
DA:35,0
DA:36,0
DA:37,0
DA:39,0
DA:42,0
DA:43,0
DA:44,0
DA:45,0
DA:47,0
DA:52,3
LF:24
LH:6
BRDA:23,0,0,0
BRDA:27,1,0,0
BRDA:27,1,1,0
BRDA:29,2,0,0
BRDA:29,3,0,0
BRDA:29,3,1,0
BRDA:29,3,2,0
BRDA:35,4,0,0
BRDA:35,4,1,0
BRDA:42,5,0,0
BRDA:42,5,1,0
BRDA:44,6,0,0
BRDA:44,6,1,0
BRF:13
BRH:0
end_of_record
TN:
SF:models\Blog.ts
FNF:0
FNH:0
DA:3,3
DA:5,3
DA:6,3
DA:22,3
DA:35,3
LF:5
LH:5
BRF:0
BRH:0
end_of_record
TN:
SF:models\contactModel.ts
FNF:0
FNH:0
DA:1,3
DA:9,3
DA:15,3
DA:16,3
LF:4
LH:4
BRF:0
BRH:0
end_of_record
TN:
SF:models\userModel.ts
FNF:0
FNH:0
DA:1,3
DA:12,3
DA:20,3
DA:21,3
LF:4
LH:4
BRF:0
BRH:0
end_of_record
TN:
SF:more\multer.ts
FN:10,(anonymous_1)
FNF:1
FNH:0
FNDA:0,(anonymous_1)
DA:1,3
DA:2,3
DA:5,3
DA:6,3
DA:8,3
DA:15,0
DA:16,0
DA:25,0
DA:27,0
LF:9
LH:5
BRDA:16,0,0,0
BRDA:16,0,1,0
BRDA:17,1,0,0
BRDA:17,1,1,0
BRDA:17,1,2,0
BRDA:17,1,3,0
BRDA:17,1,4,0
BRDA:17,1,5,0
BRDA:17,1,6,0
BRF:9
BRH:0
end_of_record
TN:
SF:routes\blogRoutes.ts
FNF:0
FNH:0
DA:3,3
DA:4,3
DA:5,3
DA:7,3
DA:9,3
DA:10,3
DA:11,3
DA:12,3
DA:13,3
DA:16,3
LF:10
LH:10
BRF:0
BRH:0
end_of_record
TN:
SF:routes\contactRoutes.ts
FNF:0
FNH:0
DA:1,3
DA:2,3
DA:4,3
DA:7,3
DA:8,3
DA:9,3
DA:10,3
DA:13,3
LF:8
LH:8
BRF:0
BRH:0
end_of_record
TN:
SF:routes\likesRoutes.ts
FNF:0
FNH:0
DA:1,3
DA:2,3
DA:3,3
DA:4,3
DA:5,3
DA:10,3
DA:11,3
LF:7
LH:7
BRF:0
BRH:0
end_of_record
TN:
SF:routes\userRoutes.ts
FNF:0
FNH:0
DA:1,3
DA:2,3
DA:4,3
DA:7,3
DA:10,3
DA:14,3
LF:6
LH:6
BRF:0
BRH:0
end_of_record
