{"total": {"lines":{"total":295,"covered":150,"skipped":0,"pct":50.84},"statements":{"total":316,"covered":169,"skipped":0,"pct":53.48},"functions":{"total":35,"covered":14,"skipped":0,"pct":40},"branches":{"total":79,"covered":2,"skipped":0,"pct":2.53},"branchesTrue":{"total":0,"covered":0,"skipped":0,"pct":100}}
,"C:\\Users\\user\\Desktop\\Andela\\MY-BRAND BACKEND\\src\\app.ts": {"lines":{"total":24,"covered":22,"skipped":0,"pct":91.66},"functions":{"total":1,"covered":0,"skipped":0,"pct":0},"statements":{"total":24,"covered":22,"skipped":0,"pct":91.66},"branches":{"total":0,"covered":0,"skipped":0,"pct":100}}
,"C:\\Users\\user\\Desktop\\Andela\\MY-BRAND BACKEND\\src\\controllers\\blogController.ts": {"lines":{"total":54,"covered":24,"skipped":0,"pct":44.44},"functions":{"total":10,"covered":6,"skipped":0,"pct":60},"statements":{"total":64,"covered":32,"skipped":0,"pct":50},"branches":{"total":9,"covered":1,"skipped":0,"pct":11.11}}
,"C:\\Users\\user\\Desktop\\Andela\\MY-BRAND BACKEND\\src\\controllers\\contactController.ts": {"lines":{"total":26,"covered":21,"skipped":0,"pct":80.76},"functions":{"total":8,"covered":8,"skipped":0,"pct":100},"statements":{"total":34,"covered":29,"skipped":0,"pct":85.29},"branches":{"total":4,"covered":1,"skipped":0,"pct":25}}
,"C:\\Users\\user\\Desktop\\Andela\\MY-BRAND BACKEND\\src\\controllers\\likesController.ts": {"lines":{"total":19,"covered":2,"skipped":0,"pct":10.52},"functions":{"total":2,"covered":0,"skipped":0,"pct":0},"statements":{"total":19,"covered":2,"skipped":0,"pct":10.52},"branches":{"total":3,"covered":0,"skipped":0,"pct":0}}
,"C:\\Users\\user\\Desktop\\Andela\\MY-BRAND BACKEND\\src\\controllers\\userController.ts": {"lines":{"total":52,"covered":5,"skipped":0,"pct":9.61},"functions":{"total":6,"covered":0,"skipped":0,"pct":0},"statements":{"total":52,"covered":5,"skipped":0,"pct":9.61},"branches":{"total":24,"covered":0,"skipped":0,"pct":0}}
,"C:\\Users\\user\\Desktop\\Andela\\MY-BRAND BACKEND\\src\\middlewares\\checkAdmin.ts": {"lines":{"total":24,"covered":6,"skipped":0,"pct":25},"functions":{"total":2,"covered":0,"skipped":0,"pct":0},"statements":{"total":24,"covered":6,"skipped":0,"pct":25},"branches":{"total":17,"covered":0,"skipped":0,"pct":0}}
,"C:\\Users\\user\\Desktop\\Andela\\MY-BRAND BACKEND\\src\\middlewares\\hasAccount.ts": {"lines":{"total":25,"covered":6,"skipped":0,"pct":24},"functions":{"total":2,"covered":0,"skipped":0,"pct":0},"statements":{"total":25,"covered":6,"skipped":0,"pct":24},"branches":{"total":13,"covered":0,"skipped":0,"pct":0}}
,"C:\\Users\\user\\Desktop\\Andela\\MY-BRAND BACKEND\\src\\models\\Blog.ts": {"lines":{"total":5,"covered":5,"skipped":0,"pct":100},"functions":{"total":0,"covered":0,"skipped":0,"pct":100},"statements":{"total":5,"covered":5,"skipped":0,"pct":100},"branches":{"total":0,"covered":0,"skipped":0,"pct":100}}
,"C:\\Users\\user\\Desktop\\Andela\\MY-BRAND BACKEND\\src\\models\\contactModel.ts": {"lines":{"total":4,"covered":4,"skipped":0,"pct":100},"functions":{"total":0,"covered":0,"skipped":0,"pct":100},"statements":{"total":4,"covered":4,"skipped":0,"pct":100},"branches":{"total":0,"covered":0,"skipped":0,"pct":100}}
,"C:\\Users\\user\\Desktop\\Andela\\MY-BRAND BACKEND\\src\\models\\userModel.ts": {"lines":{"total":16,"covered":13,"skipped":0,"pct":81.25},"functions":{"total":3,"covered":0,"skipped":0,"pct":0},"statements":{"total":19,"covered":16,"skipped":0,"pct":84.21},"branches":{"total":0,"covered":0,"skipped":0,"pct":100}}
,"C:\\Users\\user\\Desktop\\Andela\\MY-BRAND BACKEND\\src\\more\\multer.ts": {"lines":{"total":9,"covered":5,"skipped":0,"pct":55.55},"functions":{"total":1,"covered":0,"skipped":0,"pct":0},"statements":{"total":9,"covered":5,"skipped":0,"pct":55.55},"branches":{"total":9,"covered":0,"skipped":0,"pct":0}}
,"C:\\Users\\user\\Desktop\\Andela\\MY-BRAND BACKEND\\src\\routes\\blogRoutes.ts": {"lines":{"total":11,"covered":11,"skipped":0,"pct":100},"functions":{"total":0,"covered":0,"skipped":0,"pct":100},"statements":{"total":11,"covered":11,"skipped":0,"pct":100},"branches":{"total":0,"covered":0,"skipped":0,"pct":100}}
,"C:\\Users\\user\\Desktop\\Andela\\MY-BRAND BACKEND\\src\\routes\\contactRoutes.ts": {"lines":{"total":8,"covered":8,"skipped":0,"pct":100},"functions":{"total":0,"covered":0,"skipped":0,"pct":100},"statements":{"total":8,"covered":8,"skipped":0,"pct":100},"branches":{"total":0,"covered":0,"skipped":0,"pct":100}}
,"C:\\Users\\user\\Desktop\\Andela\\MY-BRAND BACKEND\\src\\routes\\likesRoutes.ts": {"lines":{"total":7,"covered":7,"skipped":0,"pct":100},"functions":{"total":0,"covered":0,"skipped":0,"pct":100},"statements":{"total":7,"covered":7,"skipped":0,"pct":100},"branches":{"total":0,"covered":0,"skipped":0,"pct":100}}
,"C:\\Users\\user\\Desktop\\Andela\\MY-BRAND BACKEND\\src\\routes\\userRoutes.ts": {"lines":{"total":11,"covered":11,"skipped":0,"pct":100},"functions":{"total":0,"covered":0,"skipped":0,"pct":100},"statements":{"total":11,"covered":11,"skipped":0,"pct":100},"branches":{"total":0,"covered":0,"skipped":0,"pct":100}}
}
